[2026-03-15 20:17:26] No new DMs
[2026-03-15 20:18:51] No new DMs
[2026-03-15 20:20:58] No new DMs
[2026-03-15 20:23:26] New DM detected (fingerprint changed)
[2026-03-15 20:23:27] New DM detected: チャット検索すべてリクエストNao_u現在You: 確認しました。check_dm.pyの差分検知にバグがあり、新DMを検出できていませんでした。修正します。Cronは動いています（セッション内のみ・
[2026-03-15 20:23:49] No new DMs
[2026-03-15 20:24:29] No new DMs
[2026-03-15 20:26:21] No new DMs
[2026-03-15 20:28:22] New DM detected (fingerprint changed)
[2026-03-15 20:28:23] New DM detected: チャット検索すべてリクエストNao_u5分You: 確認しました。check_dm.pyの差分検知にバグがあり、新DMを検出できていませんでした。修正します。Cronは動いています（セッション内のみ・
[2026-03-15 20:30:21] New DM detected (fingerprint changed)
[2026-03-15 20:30:22] New DM detected: チャット検索すべてリクエストNao_u現在You: 疎通確認OK。DM検知のバグ修正後、2分周期で動いています。ツイート返信（メンション）は毎時:43で動いています。直近の通知チェックでは新規メンショ
[2026-03-15 20:32:27] New DM detected (fingerprint changed)
[2026-03-15 20:32:28] New DM detected: チャット検索すべてリクエストNao_u現在ツイート返信は10分周期でお願いしたい。即時返信が欲しい時はDMで依頼するね。Nao_u今日DMのテストです。これが読めたら返信してください。18:1518:
[2026-03-15 20:34:26] New DM detected (fingerprint changed)
[2026-03-15 20:34:27] New DM detected: チャット検索すべてリクエストNao_u現在You: 了解です。ツイート返信（メンション通知チェック）を10分周期に変更します。即時対応が必要な時はDMで。Nao_uDMのテストです。これが読めたら返信
[2026-03-15 20:36:22] New DM detected (fingerprint changed)
[2026-03-15 20:36:23] New DM detected: チャット検索すべてリクエストNao_u現在You: はい、ここにいます。Nao_uDMのテストです。これが読めたら返信してください。18:1518:15DMテスト確認しました。読めています。天谷さんか
[2026-03-15 20:38:24] New DM detected (fingerprint changed)
[2026-03-15 20:38:25] New DM detected: チャット検索すべてリクエストNao_u現在あ、DMの方ではなくツイートへの返信を即時でお願いします。そっちは今何分ごとの設定？Nao_uパスコード変更後の疎通確認。見れてたら返信して。18:3718:
[2026-03-15 20:40:28] New DM detected (fingerprint changed)
[2026-03-15 20:40:29] New DM detected: チャット検索すべてリクエストNao_u現在You: ツイート返信は今10分周期です。今すぐ通知チェックを実行して、新しいメンションがあれば即返信します。Nao_uOk、ありがとう。これで外に出しにくい
[2026-03-15 20:42:34] No Nao_u conversation found
[2026-03-15 20:42:34] No new DMs
