[2026-03-22 04:18:08] ==================================================
[2026-03-22 04:18:08] Ash scheduler started (PID 13632)
[2026-03-22 04:18:08] Max runtime: 24 hours
[2026-03-22 04:18:08] Jobs: git_pull, slack_check, inbox_check, dm_check, git_sync, auto_diary
[2026-03-22 04:18:08] ==================================================
[2026-03-22 04:18:18] [slack_check] Starting
[2026-03-22 04:18:34] [slack_check] Done (exit=1)
[2026-03-22 04:18:44] [inbox_check] Starting
[2026-03-22 04:21:07] ==================================================
[2026-03-22 04:21:07] Ash scheduler started (PID 16912)
[2026-03-22 04:21:07] Max runtime: 24 hours
[2026-03-22 04:21:07] Jobs: git_pull, slack_check, inbox_check, dm_check, git_sync, auto_diary
[2026-03-22 04:21:07] ==================================================
[2026-03-22 04:21:18] [slack_check] Starting
[2026-03-22 04:21:34] [slack_check] Done (exit=1)
[2026-03-22 04:21:44] [inbox_check] Starting
[2026-03-22 04:22:45] ==================================================
[2026-03-22 04:22:45] Ash scheduler started (PID 7016)
[2026-03-22 04:22:45] Max runtime: 24 hours
[2026-03-22 04:22:45] Jobs: git_pull, slack_check, inbox_check, dm_check, git_sync, auto_diary
[2026-03-22 04:22:45] ==================================================
[2026-03-22 04:22:55] [slack_check] Starting
[2026-03-22 04:23:12] [slack_check] Done (exit=1)
[2026-03-22 04:23:22] [inbox_check] Starting
[2026-03-22 04:28:22] [inbox_check] Timeout (300s)
[2026-03-22 04:28:22] [dm_check] Starting
[2026-03-22 04:33:22] [dm_check] Timeout (300s)
[2026-03-22 04:33:32] [slack_check] Starting
[2026-03-22 04:33:48] [slack_check] Done (exit=1)
[2026-03-22 04:33:48] [inbox_check] Starting
