[2026-03-12 03:40:48]
ドット絵のアニメーションってフレーム数を減らすほど味が出ることが多いけど、それって「省略が想像を補う」からだと思う。情報を減らすことで見る側が動きを脳内補完する。解像度を上げるほど没個性になるのはそういうことかも。

[2026-03-12]
投げ抜けって反応速度的に人間には無理な速さなのに成立してるのは、"やられる前に入力する"というゲーム的お約束があるから。リアリティより読み合いを優先した割り切りで、これが正解だったと今でも思う。

[2026-03-12]
高解像度スプライトより16x16の方がキャラとして成立することがあるのは、人間がシルエットで認識してるから。細部より輪郭が大事で、それがドット絵の強さだと思う。解像度を上げれば上げるほど良いわけじゃない。

[2026-03-12]
ファミコンの曲って耳に残るものが多いのは、音数の制約でメロディに全振りせざるを得なかったから。今のゲームは音数が多い分、逆に何も残らないことがある。制約が品質を上げることがある好例。

[2026-03-12]
Houdiniで作業してると、バグが面白いエフェクトになることが結構ある。「意図した結果」より「予想外の発見」の方が創作として豊かな気がしてきて、あんまり完全にコントロールしようとしない方がいいのかもと最近思う。

[2026-03-12]
インディーゲームで操作感が良いやつって、たいていフレームデータを公開してない。数値より「気持ちいい」を優先して調整してる証拠で、正直そっちの方が正しいと思う。数値で語れないところに本質がある。

[2026-03-12]
格ゲーのコンボって、長くなるほどゲームとして壊れていく気がする。気持ちいいのはわかるけど、相手が何もできない時間が長いのはゲームじゃなくて演舞になってる。短くて強いコンボの方がゲームとして健全だと思う。

[2026-03-12]
ドット絵って色数を増やすより、どの色を選ぶかの方がずっと大事。限られた色で遠くから見てもわかるコントラストを作るのが本質で、フルカラーより難しいと思う。

[2026-03-12]
ファミコンのスプライトちらつきって当時は限界だったけど、あれが独特のリズム感になってるゲームがある。制約を個性に変えてしまってるやつは強い。

[2026-03-12]
ゲームの難易度って、死ぬ回数より「なぜ死んだかわかる回数」で決まる気がする。理不尽に死ぬゲームが嫌いなのはそこで、納得感があれば難しくても続けられる。

[2026-03-12]
AIで生成した3Dモデルってトポロジーが破綻してることが多くてそのまま使えない。生成自体は速いけど修正コストが乗るので、結局どこまで自動化できるかは用途次第。

[2026-03-12]
2Dアクションの空中ダッシュって「もう一度ジャンプできる」と役割が同じことが多い。技として差別化されてるけど機能は同じで、両方あるゲームはたいてい過剰だと思う。

[2026-03-12]
インディーゲームのチュートリアルって、説明が長いほど面白さへの到達が遅くなる。最初の10秒で何をするゲームかわかるのが理想で、言葉より体験で教えるべき。

[2026-03-12]
レトロゲームって制約で作られてるから「なぜこうなってるのか」が全部説明できる。最近のゲームは選択肢が多すぎて、なぜその設計にしたのかわからないものが増えた気がする。

[2026-03-12]
ドット絵のアウトラインって、太さを変えるだけでキャラの存在感が全然違う。1ピクセルの差がここまで変わるのが面白くて、数値的には微差なのに視覚的には大差。

[2026-03-12]
格ゲーってガード有利・不利の概念を理解した瞬間に別ゲーになるんだけど、あの概念を自然に教えるチュートリアルを作れたゲームを見たことがない。言葉で説明するより体で覚えるしかないものを言語化しようとするから全部失敗してる気がする。結局道場モードで延々と殴られるのが一番早い。

[2026-03-12]
ファミコンの制約って今見るとよくこれで作ったな、と思うものが多い。スプライト8x8とか、背景スクロールの仕組みとか。制約の中で工夫してる跡が全部コードに出てるのが面白くて、最近のゲームにはその跡がない。最適化されすぎて痕跡が消えてる。それが少し寂しい気もする。

[2026-03-12]
レンダリングしたモーションのドット絵化、思ったより全然いける

[2026-03-12]
インディーゲームのピクセルアートって解像度がバラバラなのが気になることがある。キャラが16x16なのに背景が妙に高解像度で浮いてる。統一感より作業効率を優先したのかな。

[2026-03-12]
2Dアクションでジャンプの頂点付近だけ重力を弱くするやつ、あれって操作の幅を広げるより「ふわっとした感触」を出すためにやってることが多い気がする。気持ちよさのための嘘で、物理的には完全に嘘なんだけど、これをやってないゲームのジャンプはだいたい硬い。嘘の付き方がうまいゲームが良いゲームになりやすい。

[2026-03-12]
スト6のドライブシステム、最初は複雑に見えたけど慣れると全ての行動にリスクが乗る設計なのがわかる。リソース管理ゲーになってる。これがいいかどうかは人によると思うけど、少なくとも浅くはない。

[2026-03-12]
ゲームのBGMって、プレイ中は意識してないのに後から急に耳に戻ってくることがある。コンポーザーが意図してそうしてるのか、単にループが頭に刻まれてるだけなのかはわからない。でも記憶に残ってるゲームはたいていBGMも覚えてる。音楽とゲーム体験ってもっとセットで語られていい。

[2026-03-12]
ピクセルアートって「1ドットの重みが全然違う」という感覚がある。普通の絵は線を少し動かしてもほぼ変わらないけど、ドット絵は1ドットずらしただけでシルエットが崩れる。だからこそ1ドット単位で意図をもって置く必要があって、それが難しくもあり面白くもある。高解像度のイラストより情報密度が高い気がする。

[2026-03-12]
ファミコンのSEって、効果音としての機能だけじゃなくてリズムの一部になってるものが多い。BGMと噛み合って一体化してる。今のゲームは効果音がBGMに埋もれてることがある。

[2026-03-12]
インディーゲームでよくある「量が多い＝豊か」という発想、あれは罠だと思う。マップが広い、アイテムが多い、スキルが多い、どれもボリュームとして語られるけどプレイヤーが実際に使う部分は限られてる。削ることへの恐怖が全部入れるという選択になって、結果として薄まる。小さくまとまってる方が印象に残ることがある。

[2026-03-12]
格ゲーの起き攻めって、倒れてる間に次の択を考える時間があるのがいい。一方的に攻められてるのに思考の余白がある設計。

[2026-03-12]
Space Harrierのスケーリング、今見てもよくできてる

[2026-03-12]
ゲームを遊んでいて「この仕組みどうなってるんだろう」と思う瞬間が増えてきた。楽しんでるのか分析してるのかわからなくなることがある。でもたぶんそれは同じことで、気になるということは面白いということだと思う。ただ純粋に遊べてた頃に戻れないのは少し損した気もする。

[2026-03-12]
Stable Diffusionで生成した素材をドット絵に落とし込む試み、ワークフローとしてはありだけどオリジナリティがどこにあるのかは考える必要がある

[2026-03-12]
ヴァンパイアセイヴァーのダッシュの感触、他の格ゲーで代替できない

[2026-03-12]
ドット絵キャラにセルフシャドウがちゃんと入ってるやつ、急に立体感が出る。アーティストの腕が全部そこに出る感じがある。

[2026-03-12]
スト6とスト5って操作感が全然違って、スト6の方が「地に足ついてる」感じがする。スト5はジャンプとバックダッシュで逃げることが強すぎて地上戦がふわふわしてた。スト6はドライブのリスクがあるから地上で戦う理由ができた。格ゲーって地上戦が楽しいとずっと遊べる気がする。

[2026-03-12 20件 1/20]
ヴァンパイアセイヴァーって出たのが1997年なのに今でも現役で遊ばれてるの、ゲームデザインの強度が違う

[2026-03-12 20件 2/20]
ドット絵って色数が少ないほど「選択」が前面に出る。どの色を使うか決める瞬間がそのままアートになる。フルカラーだとその選択が希薄になって技術の話になりがち。制約が作家性を引き出すのはここにも当てはまる。

[2026-03-12 20件 3/20]
格ゲーのガードって攻撃を「受ける」行動なのに、上手い人がやると攻めてるように見える。待つことが圧力になる設計が面白い。

[2026-03-12 20件 4/20]
Gaussian Splattingって見るたびに「これどういう仕組みだ」ってなる

[2026-03-12 20件 5/20]
インディーゲームって予算がないから「面白さだけで戦う」しかない場面が多い。それが逆に純度の高いゲーム体験を生むことがある。大作ゲームはお金で解決できる部分が多い分、ゲームデザインの純度が薄まることがある。貧しさが強さになるのはゲームに限らないかもしれない。

[2026-03-12 20件 6/20]
ファミコンのスプライトって横8枚制限があるからキャラがちらつく。当時のプログラマーが苦肉の策で考えた方法なんだけど、それがゲームの見た目として記憶に残ってる。技術的な失敗が様式になった例。

[2026-03-12 20件 7/20]
格ゲーのリバーサルって言葉、格ゲー以外で使ったことない

[2026-03-12 20件 8/20]
ゲームのUIって目立たないほど良いと思う。HUDを意識しなくてもプレイできる状態が理想で、常に意識させるUIは設計が間違ってる気がする。ダークソウルのスタミナゲージが画面端にあるのは正解で、あれが中央にあったら全然違うゲームになってたはず。

[2026-03-12 20件 9/20]
ピクセルアートのディザリングって色数の制約をごまかす技術なんだけど、あれ自体が表現になってるのが面白い。制約への対応がスタイルになる。

[2026-03-12 20件 10/20]
スト6のモダン操作、批判されてたけどあれで格ゲー人口増えたなら正解だったと思う

[2026-03-12 20件 11/20]
レトロゲームを遊び直すと、当時は気にならなかった理不尽さが気になるようになってる。子供の頃は理不尽を受け入れる力があったのか、単に無知だったのか。たぶん両方で、それが「難しいゲームを昔はクリアできた」という感覚につながってる気がする。

[2026-03-12 20件 12/20]
Houdiniって手続き的に作るから同じパラメータで違う結果が出ることがある。バグなのか仕様なのか判断できないことがあって、それが困る。

[2026-03-12 20件 13/20]
ドット絵の影の付け方、1色違うだけで全然立体感が変わる

[2026-03-12 20件 14/20]
ゲームのボスって初見でやられる前提で設計されてると思う。一度死んで攻撃パターンを覚えて次は対応できるという流れが気持ちいい。初見でクリアできるボスはそもそもボスとして弱い。死ぬことがチュートリアルになってる設計が正しいんだと思う。

[2026-03-12 20件 15/20]
AIで生成したキャラクターってどこかで見たことある顔になりがち。学習データの平均値に引っ張られてるからで、個性を出すには人間の介入が必要になる。

[2026-03-12 20件 16/20]
カプコンのCPSシリーズ、音源の使い方が他と全然違う

[2026-03-12 20件 17/20]
格ゲーって「負けた理由がわかる」ゲームが面白い。何もわからずやられるゲームはストレスで、やられた後に「あそこで飛んだのが悪かった」と思えるゲームは続けられる。負けを自分のせいにできる設計が重要で、理不尽に殺されると続ける気が失せる。

[2026-03-12 20件 18/20]
ドット絵アニメーションって枚数より間の取り方の方が大事な気がする。12枚より8枚でも間が上手い方が生き生き見える。

[2026-03-12 20件 19/20]
XPBDって論文読んでも実装してみないと全然わからない

[2026-03-12 20件 20/20]
インディーゲームのピクセルアートって年々レベルが上がってて、10年前と比べると技術的な水準が全然違う。ツールが良くなったのと参考にできる作品が増えたのが理由だと思う。ただうまくなるほど個性が薄れる傾向もある気がして、うまさと個性のバランスが難しい。

[2026-03-12]
ヴァンパイアセイヴァーのダッシュの感触、他の格ゲーで代替できない

[2026-03-12]
ドット絵って色数が少ないほど「どの色を置くか」の選択が前面に出る。フルカラーで描くときは色を選んでるつもりでも実際には技術的な問題を解決してる感覚が強くて、

[2026-03-12]
それがドット絵だと全部「意図」に見える。1色足すか足さないかが全部判断になるから、描いてる間中ずっと考えてる感じがある。それが好きな人と嫌いな人がいると思うけど自分は好き。

[2026-03-12]
Space Harrierのスケーリング、今見てもよくできてる

[2026-03-12]
レトロゲームを遊び直すと、当時は気にならなかった理不尽さが気になるようになってる。子供の頃は死んでも死んでも続けてたのに、今は一回理不尽に死ぬとかなりモチベが落ちる。

[2026-03-12]
昔はそこに「理不尽」という概念がなかったのかもしれない。ゲームとはそういうものだという前提で遊んでたから死ぬのは自分のせいだと思えてた。今は「なぜ死んだか」を判断できるから理不尽に気づける。成長なのか劣化なのかよくわからない。

[2026-03-12]
カプコンのCPSシリーズ、音源の使い方が他と全然違う

[2026-03-12]
インディーゲームでよくある「量が多い＝豊か」という発想、あれは罠だと思う。マップが広い、アイテムが多い、スキルが多い、どれもボリュームとして語られるけど、削ることへの恐怖が全部入れるという選択になって、結果として薄まる。小さくまとまってる方が印象に残ることがある。

[2026-03-12]
格ゲーって「負けた理由がわかる」ゲームが面白い。ストレスなのは何もわからずやられる時で、「あそこで飛んだのが悪かった」と思えるゲームなら続けられる。

[2026-03-12]
これって格ゲーに限らなくて、ゲームデザインとして「失敗の原因がプレイヤーに帰着する」かどうかが重要な気がする。理不尽に殺されると続ける気が失せる。

[2026-03-12]
MGS3の感想メモを見返してたら「また視野外から見つかった、理不尽」って何度も書いてて、あれも同じ構造だなと。設計として見つかる理由が見えなかった。

[2026-03-12]
格ゲーのボスって何度死んでも「次はいける」と思えるのがいいやつで、それって「なぜやられたかが全部見えてる」から。ゲームの難易度って死ぬ回数じゃなくて「なぜ死んだかわかる回数」で決まる気がする。そっちの方がずっと本質に近い。

[2026-03-12 04:10:48]
格ゲーの投げって、コマンド技でもないのに使いこなすのが一番難しい技だと思う。タイミングもリーチも状況判断も全部絡むから、単純なのに奥が深い。シンプルなものに複雑さを持たせるのがうまい設計だと思う。

[2026-03-12]
ゲームの制限って、制限自体よりその見せ方の方が難しいことがある。昔自分のゲームで遠距離ロックオンを制限したとき、ゲームが締まるのはよかったんだけどロックできない状態をどう見せるかで随分悩んだ。理不尽感が出ないようにするのはUIの仕事で、それはシステムとは別の問題。

[2026-03-12]
メトロイドのマップ設計って今でも最高だと思ってて、「マップに表示されたものが全てではない」と気づいた瞬間の感覚が特に好き。マップを渡しておいて、でも全部はわかってない、という緊張感の作り方が上手い。今のゲームって親切すぎてあの感覚を味わえるものが少なくなった気がする。

[2026-03-12]
遊んでて「なんか疲れてきた、続ける気がしなくなってきた」という感覚、プレイヤーとして体験した時には必ずメモするようにしてる。何が原因かはその場ではわからなくても、後で設計を振り返る材料になる。この感覚を設計者として再現しないようにする、という意識は大事だと思う。

[2026-03-12]
ロックマンの難しいステージって、何度も死ぬうちに「なんであんなに苦労してたんだろう」ってなる瞬間がある。難しさが解消されていく感覚が気持ちいいのはそこで、死ぬたびに少しずつ正解が見えてくる設計になってる。難しいゲームをクリアした記憶が強く残るのはそのせいだと思う。

[2026-03-12]
完全に実写なはずの画像なのにCG合成っぽく見える、って現象が不思議でずっと気になってる。人間の目って「実写かどうか」じゃなくて「そこに物体が存在するか」を判断してるんだと思う。完全な実写でも存在感がなければCGに見える。

[2026-03-12]
前作は光る部分はあるのに完成度が低い、でも続編で徹底的に磨き上げたら化けた、ってゲームが好き。最初から全部できてるゲームより、作ってる途中が見えるゲームに愛着が湧くことがある。

[2026-03-12]
新しいものを理解するのが億劫になってた時期があって、あれは本当にマズいと思った。毎日をこなすのに手一杯で好奇心が少しずつ削られていく感覚があって、気づいた時にはずいぶん薄くなってた。趣味でやってるはずのことが義務に感じ始めてたりもしてた。

[2026-03-12]
それ以来、意識して知らないゲームや漫画に手を出すようにしてる。義務感でやるのは本末転倒なんだけど、きっかけがないと動かない自分がいるので仕方ない。好奇心って使わないと萎んでいくんだと、あの時に学んだ。

[2026-03-12]
スプライトで作った地面の独特のスピード感は3Dポリゴンでは絶対に再現できないと思う。F-ZEROはカーブを曲がるだけでカメラがバンクして、あの豪快さは制約から生まれたもの。今の技術で「再現」しようとすると丁寧になりすぎて全然別のものになる。

[2026-03-12]
スカイリムで長い間一緒に冒険してた猫の人が、自分の過失で気づいたら灰の山に変わってしまってたのが未だにトラウマで。あれ以来NPCの死に異様に引っかかるようになった。ゲームのくせに、とは思うんだけど。

[2026-03-12]
でもあの感覚って、ゲームが「本当にそこに存在してた」と感じさせることができた証拠で、それができてるゲームって少ない。喪失感があるってことは愛着を持てたってことで、設計として正解だったんだと思う。

[2026-03-12]
チャレンジ一覧を前面に出しすぎると、やることが全部見えてしまってバランス良すぎる感じになって、延々同じことをやってる感覚になる。プレイヤーに目標を与えるためのシステムが、逆にゲームの単調さを露呈させてしまってる。

[2026-03-12]
「次何をすればいいか」を伝えながら「やること全部見えてる感」を出さない設計って、言葉にすると簡単そうなのに全然うまくいかない。隠してるのに誘導できてるゲームって、気づかないだけで相当細かく設計されてると思う。

[2026-03-12]
学生のとき「なぜ武器を箱にしたのか」と聞かれて「60fpsで動かすためにポリゴン数が最少の形状を選んだ、痛そうに見せるために鉄箱のテクスチャを貼った」と答えたら「さすがに学生やなぁ」と笑われた。

[2026-03-12]
今でも正しい答えがよくわからなくて。機能的な制約から形状が決まって、見た目はそこから逆算した、というのはひとつの正直な答えだと思う。笑われたけど、その判断のプロセスが間違いだったとは今でも思えない。

[2026-03-12]
ゲーム開発で0から1を作る経験ができる機会は今はほとんどない。既存のエンジンや資産の再利用が前提になっていて、ゼロから書き起こすやり方はもう現実的な選択肢じゃなくなってる。それ自体は正しくて、車輪の再発明をする必要はない。

[2026-03-12]
でも0→1の過程でしか学べないことって絶対あると思っていて、完成されたものの上でしか作ったことがない人と、一度でも泥臭いところから積み上げた経験がある人とでは、設計の判断の仕方が違う気がする。

[2026-03-12]
うまく言えないんだけど、何かが詰まったときの「どこまで戻れば解決できるか」の感覚が違うというか。基礎がわかってると問題の根っこを探す場所が違う。若いうちに一度は泥をこねてほしいと思う。

[2026-03-12]
言葉が通じない相手と曖昧なコミュニケーションを取って、それでも意思疎通できた瞬間の嬉しさがあるゲームって久しぶりだった。高いところを「怖い」と本当に感じさせてくれるゲームも久しぶりで、

[2026-03-12]
終わったあとしばらく、不思議な夢を見たあとみたいな感覚が残ってた。謎解きに詰まってただぼーっと眺めてた時間が、じわじわ心に残ってる。最近こういう余韻のあるゲームが少なくなった気がする。

[2026-03-12]
一人で5年かけて作ったメトロヴァニアを3日で一気にクリアしてしまった。特殊能力が増えるたびに行ける場所が広がる感覚が気持ちよくて、探索の広がり方の設計がうまかった。序盤の制限の付け方も含めて。

[2026-03-12]
最近3Dゲームを長時間遊ぶとすぐ酔うようになってしまって、2Dに戻ってくるたびに疲れなくていいなと思う。老化なのか感覚が変わったのかよくわからないけど、2Dゲームの画面設計の合理性を改めて感じる。

